<?xml version="1.0" encoding="UTF-8"?>
<!-- Generated by org.testng.reporters.JUnitXMLReporter -->
<testsuite hostname="DESKTOP-SFK9CP8" ignored="1" name="Regression Functional Regression Test" tests="3" failures="0" timestamp="12 Apr 2020 18:54:37 GMT" time="25.645" errors="0">
  <testcase name="verifySignUpLinkTest" time="5.819" classname="com.qa.hubspot.tests.LoginPageTest"/>
  <testcase name="verifyLoginPageTitleTest" time="0.055" classname="com.qa.hubspot.tests.LoginPageTest"/>
  <testcase name="loginTest" time="5.827" classname="com.qa.hubspot.tests.LoginPageTest"/>
  <testcase name="login_InvalidTestCases" time="0.0" classname="com.qa.hubspot.tests.LoginPageTest">
    <ignored/>
  </testcase> <!-- login_InvalidTestCases -->
</testsuite> <!-- Regression Functional Regression Test -->
