<?xml version="1.0" encoding="UTF-8"?>
<!-- Generated by org.testng.reporters.JUnitXMLReporter -->
<testsuite hostname="DESKTOP-SFK9CP8" ignored="0" name="Default test" tests="3" failures="0" timestamp="12 Apr 2020 19:52:59 GMT" time="23.903" errors="0">
  <testcase name="verifySignUpLinkTest" time="5.125" classname="com.qa.hubspot.tests.LoginPageTest"/>
  <testcase name="verifyLoginPageTitleTest" time="0.033" classname="com.qa.hubspot.tests.LoginPageTest"/>
  <testcase name="loginTest" time="3.911" classname="com.qa.hubspot.tests.LoginPageTest"/>
</testsuite> <!-- Default test -->
