<?xml version="1.0" encoding="UTF-8"?>
<testng-results skipped="0" failed="0" ignored="0" total="3" passed="3">
  <reporter-output>
  </reporter-output>
  <suite name="Default suite" duration-ms="23903" started-at="2020-04-12T19:52:35Z" finished-at="2020-04-12T19:52:59Z">
    <groups>
    </groups>
    <test name="Default test" duration-ms="23903" started-at="2020-04-12T19:52:35Z" finished-at="2020-04-12T19:52:59Z">
      <class name="com.qa.hubspot.tests.LoginPageTest">
        <test-method status="PASS" signature="setUp()[pri:0, instance:com.qa.hubspot.tests.LoginPageTest@5f2606b]" name="setUp" is-config="true" duration-ms="13641" started-at="2020-04-12T19:52:35Z" finished-at="2020-04-12T19:52:49Z">
          <reporter-output>
          </reporter-output>
        </test-method> <!-- setUp -->
        <test-method status="PASS" signature="verifySignUpLinkTest()[pri:1, instance:com.qa.hubspot.tests.LoginPageTest@5f2606b]" name="verifySignUpLinkTest" duration-ms="5125" started-at="2020-04-12T19:52:49Z" finished-at="2020-04-12T19:52:54Z">
          <reporter-output>
          </reporter-output>
        </test-method> <!-- verifySignUpLinkTest -->
        <test-method status="PASS" signature="verifyLoginPageTitleTest()[pri:2, instance:com.qa.hubspot.tests.LoginPageTest@5f2606b]" name="verifyLoginPageTitleTest" duration-ms="33" started-at="2020-04-12T19:52:55Z" finished-at="2020-04-12T19:52:55Z">
          <reporter-output>
          </reporter-output>
        </test-method> <!-- verifyLoginPageTitleTest -->
        <test-method status="PASS" signature="loginTest()[pri:3, instance:com.qa.hubspot.tests.LoginPageTest@5f2606b]" name="loginTest" duration-ms="3911" started-at="2020-04-12T19:52:55Z" description="verify app login test" finished-at="2020-04-12T19:52:59Z">
          <reporter-output>
          </reporter-output>
        </test-method> <!-- loginTest -->
        <test-method status="PASS" signature="tearDown()[pri:0, instance:com.qa.hubspot.tests.LoginPageTest@5f2606b]" name="tearDown" is-config="true" duration-ms="712" started-at="2020-04-12T19:52:59Z" finished-at="2020-04-12T19:52:59Z">
          <reporter-output>
          </reporter-output>
        </test-method> <!-- tearDown -->
      </class> <!-- com.qa.hubspot.tests.LoginPageTest -->
    </test> <!-- Default test -->
  </suite> <!-- Default suite -->
</testng-results>
